# JRE version: OpenJDK Runtime Environment Temurin-17.0.4.1+1 (17.0.4.1+1) (build 17.0.4.1+1)
# Java VM: OpenJDK 64-Bit Server VM Temurin-17.0.4.1+1 (17.0.4.1+1, mixed mode, emulated-client, tiered, compressed oops, compressed class ptrs, g1 gc, windows-amd64)
GC Precious Log:
 CPUs: 2 total, 2 available
 Memory: 4039M
 Large Page Support: Disabled
 NUMA Support: Disabled
 Compressed Oops: Enabled (32-bit)
 Heap Region Size: 1M
 Heap Min Capacity: 8M
 Heap Initial Capacity: 64M
 Heap Max Capacity: 1010M
 Pre-touch: Disabled
 Parallel Workers: 2
 Concurrent Workers: 1
 Concurrent Refinement Workers: 2
 Periodic GC: Disabled
Heap:
 garbage-first heap   total 112640K, used 32725K [0x00000000c0e00000, 0x0000000100000000)
  region size 1024K, 2 young (2048K), 1 survivors (1024K)
 Metaspace       used 76396K, committed 76800K, reserved 1122304K
  class space    used 10374K, committed 10560K, reserved 1048576K
GC Heap History (20 events):
Event: 184.868 GC heap before
{Heap before GC invocations=35 (full 0):
 garbage-first heap   total 61440K, used 34714K [0x00000000c0e00000, 0x0000000100000000)
  region size 1024K, 3 young (3072K), 1 survivors (1024K)
 Metaspace       used 75467K, committed 75968K, reserved 1122304K
  class space    used 10242K, committed 10432K, reserved 1048576K
}
Event: 184.879 GC heap after
{Heap after GC invocations=36 (full 0):
 garbage-first heap   total 112640K, used 32226K [0x00000000c0e00000, 0x0000000100000000)
  region size 1024K, 1 young (1024K), 1 survivors (1024K)
 Metaspace       used 75467K, committed 75968K, reserved 1122304K
  class space    used 10242K, committed 10432K, reserved 1048576K
}
Event: 451.836 GC heap before
{Heap before GC invocations=36 (full 0):
 garbage-first heap   total 112640K, used 84450K [0x00000000c0e00000, 0x0000000100000000)
  region size 1024K, 53 young (54272K), 1 survivors (1024K)
 Metaspace       used 75487K, committed 75968K, reserved 1122304K
  class space    used 10245K, committed 10432K, reserved 1048576K
}
Event: 451.843 GC heap after
{Heap after GC invocations=37 (full 0):
 garbage-first heap   total 112640K, used 32325K [0x00000000c0e00000, 0x0000000100000000)
  region size 1024K, 1 young (1024K), 1 survivors (1024K)
 Metaspace       used 75487K, committed 75968K, reserved 1122304K
  class space    used 10245K, committed 10432K, reserved 1048576K
}
Event: 500.580 GC heap before
{Heap before GC invocations=37 (full 0):
 garbage-first heap   total 112640K, used 55877K [0x00000000c0e00000, 0x0000000100000000)
  region size 1024K, 26 young (26624K), 1 survivors (1024K)
 Metaspace       used 76087K, committed 76480K, reserved 1122304K
  class space    used 10324K, committed 10496K, reserved 1048576K
}
Event: 500.594 GC heap after
{Heap after GC invocations=38 (full 0):
 garbage-first heap   total 112640K, used 34208K [0x00000000c0e00000, 0x0000000100000000)
  region size 1024K, 3 young (3072K), 3 survivors (3072K)
 Metaspace       used 76087K, committed 76480K, reserved 1122304K
  class space    used 10324K, committed 10496K, reserved 1048576K
}
Event: 779.796 GC heap before
{Heap before GC invocations=39 (full 0):
 garbage-first heap   total 112640K, used 93600K [0x00000000c0e00000, 0x0000000100000000)
  region size 1024K, 61 young (62464K), 3 survivors (3072K)
 Metaspace       used 76359K, committed 76736K, reserved 1122304K
  class space    used 10367K, committed 10496K, reserved 1048576K
}
Event: 779.802 GC heap after
{Heap after GC invocations=40 (full 0):
 garbage-first heap   total 112640K, used 32733K [0x00000000c0e00000, 0x0000000100000000)
  region size 1024K, 1 young (1024K), 1 survivors (1024K)
 Metaspace       used 76359K, committed 76736K, reserved 1122304K
  class space    used 10367K, committed 10496K, reserved 1048576K
}
Event: 802.990 GC heap before
{Heap before GC invocations=40 (full 0):
 garbage-first heap   total 112640K, used 36829K [0x00000000c0e00000, 0x0000000100000000)
  region size 1024K, 5 young (5120K), 1 survivors (1024K)
 Metaspace       used 76359K, committed 76736K, reserved 1122304K
  class space    used 10367K, committed 10496K, reserved 1048576K
}
Event: 802.996 GC heap after
{Heap after GC invocations=41 (full 0):
 garbage-first heap   total 112640K, used 32422K [0x00000000c0e00000, 0x0000000100000000)
  region size 1024K, 1 young (1024K), 1 survivors (1024K)
 Metaspace       used 76359K, committed 76736K, reserved 1122304K
  class space    used 10367K, committed 10496K, reserved 1048576K
}
Event: 1146.352 GC heap before
{Heap before GC invocations=41 (full 0):
 garbage-first heap   total 112640K, used 93862K [0x00000000c0e00000, 0x0000000100000000)
  region size 1024K, 61 young (62464K), 1 survivors (1024K)
 Metaspace       used 76371K, committed 76800K, reserved 1122304K
  class space    used 10369K, committed 10560K, reserved 1048576K
}
Event: 1146.356 GC heap after
{Heap after GC invocations=42 (full 0):
 garbage-first heap   total 112640K, used 32409K [0x00000000c0e00000, 0x0000000100000000)
  region size 1024K, 1 young (1024K), 1 survivors (1024K)
 Metaspace       used 76371K, committed 76800K, reserved 1122304K
  class space    used 10369K, committed 10560K, reserved 1048576K
}
Event: 1500.731 GC heap before
{Heap before GC invocations=42 (full 0):
 garbage-first heap   total 112640K, used 95897K [0x00000000c0e00000, 0x0000000100000000)
  region size 1024K, 63 young (64512K), 1 survivors (1024K)
 Metaspace       used 76371K, committed 76800K, reserved 1122304K
  class space    used 10369K, committed 10560K, reserved 1048576K
}
Event: 1500.734 GC heap after
{Heap after GC invocations=43 (full 0):
 garbage-first heap   total 112640K, used 32397K [0x00000000c0e00000, 0x0000000100000000)
  region size 1024K, 1 young (1024K), 1 survivors (1024K)
 Metaspace       used 76371K, committed 76800K, reserved 1122304K
  class space    used 10369K, committed 10560K, reserved 1048576K
}
Event: 1798.063 GC heap before
{Heap before GC invocations=44 (full 0):
 garbage-first heap   total 112640K, used 95885K [0x00000000c0e00000, 0x0000000100000000)
  region size 1024K, 63 young (64512K), 1 survivors (1024K)
 Metaspace       used 76396K, committed 76800K, reserved 1122304K
  class space    used 10374K, committed 10560K, reserved 1048576K
}
Event: 1798.069 GC heap after
{Heap after GC invocations=45 (full 0):
 garbage-first heap   total 112640K, used 32865K [0x00000000c0e00000, 0x0000000100000000)
  region size 1024K, 1 young (1024K), 1 survivors (1024K)
 Metaspace       used 76396K, committed 76800K, reserved 1122304K
  class space    used 10374K, committed 10560K, reserved 1048576K
}
Event: 1813.333 GC heap before
{Heap before GC invocations=45 (full 0):
 garbage-first heap   total 112640K, used 36961K [0x00000000c0e00000, 0x0000000100000000)
  region size 1024K, 5 young (5120K), 1 survivors (1024K)
 Metaspace       used 76396K, committed 76800K, reserved 1122304K
  class space    used 10374K, committed 10560K, reserved 1048576K
}
Event: 1813.345 GC heap after
{Heap after GC invocations=46 (full 0):
 garbage-first heap   total 112640K, used 32717K [0x00000000c0e00000, 0x0000000100000000)
  region size 1024K, 1 young (1024K), 1 survivors (1024K)
 Metaspace       used 76396K, committed 76800K, reserved 1122304K
  class space    used 10374K, committed 10560K, reserved 1048576K
}
Event: 2165.187 GC heap before
{Heap before GC invocations=46 (full 0):
 garbage-first heap   total 112640K, used 97229K [0x00000000c0e00000, 0x0000000100000000)
  region size 1024K, 64 young (65536K), 1 survivors (1024K)
 Metaspace       used 76396K, committed 76800K, reserved 1122304K
  class space    used 10374K, committed 10560K, reserved 1048576K
}
Event: 2165.191 GC heap after
{Heap after GC invocations=47 (full 0):
 garbage-first heap   total 112640K, used 32725K [0x00000000c0e00000, 0x0000000100000000)
  region size 1024K, 1 young (1024K), 1 survivors (1024K)
 Metaspace       used 76396K, committed 76800K, reserved 1122304K
  class space    used 10374K, committed 10560K, reserved 1048576K
}

