# JRE version: OpenJDK Runtime Environment Temurin-17.0.4.1+1 (17.0.4.1+1) (build 17.0.4.1+1)
# Java VM: OpenJDK 64-Bit Server VM Temurin-17.0.4.1+1 (17.0.4.1+1, mixed mode, emulated-client, tiered, compressed oops, compressed class ptrs, g1 gc, windows-amd64)
GC Precious Log:
 CPUs: 2 total, 2 available
 Memory: 4039M
 Large Page Support: Disabled
 NUMA Support: Disabled
 Compressed Oops: Enabled (32-bit)
 Heap Region Size: 1M
 Heap Min Capacity: 8M
 Heap Initial Capacity: 64M
 Heap Max Capacity: 1010M
 Pre-touch: Disabled
 Parallel Workers: 2
 Concurrent Workers: 1
 Concurrent Refinement Workers: 2
 Periodic GC: Disabled
Heap:
 garbage-first heap   total 81920K, used 65097K [0x00000000c0e00000, 0x0000000100000000)
  region size 1024K, 34 young (34816K), 2 survivors (2048K)
 Metaspace       used 78322K, committed 78848K, reserved 1122304K
  class space    used 10504K, committed 10752K, reserved 1048576K
GC Heap History (20 events):
Event: 2856.568 GC heap after
{Heap after GC invocations=63 (full 5):
 garbage-first heap   total 92160K, used 32235K [0x00000000c0e00000, 0x0000000100000000)
  region size 1024K, 2 young (2048K), 2 survivors (2048K)
 Metaspace       used 77662K, committed 78144K, reserved 1122304K
  class space    used 10446K, committed 10688K, reserved 1048576K
}
Event: 2949.518 GC heap before
{Heap before GC invocations=63 (full 5):
 garbage-first heap   total 92160K, used 50667K [0x00000000c0e00000, 0x0000000100000000)
  region size 1024K, 21 young (21504K), 2 survivors (2048K)
 Metaspace       used 77665K, committed 78144K, reserved 1122304K
  class space    used 10447K, committed 10688K, reserved 1048576K
}
Event: 2949.607 GC heap after
{Heap after GC invocations=64 (full 6):
 garbage-first heap   total 81920K, used 23657K [0x00000000c0e00000, 0x0000000100000000)
  region size 1024K, 0 young (0K), 0 survivors (0K)
 Metaspace       used 77584K, committed 78144K, reserved 1122304K
  class space    used 10433K, committed 10688K, reserved 1048576K
}
Event: 2952.080 GC heap before
{Heap before GC invocations=64 (full 6):
 garbage-first heap   total 81920K, used 67689K [0x00000000c0e00000, 0x0000000100000000)
  region size 1024K, 43 young (44032K), 0 survivors (0K)
 Metaspace       used 77764K, committed 78208K, reserved 1122304K
  class space    used 10456K, committed 10688K, reserved 1048576K
}
Event: 2952.091 GC heap after
{Heap after GC invocations=65 (full 6):
 garbage-first heap   total 81920K, used 27488K [0x00000000c0e00000, 0x0000000100000000)
  region size 1024K, 4 young (4096K), 4 survivors (4096K)
 Metaspace       used 77764K, committed 78208K, reserved 1122304K
  class space    used 10456K, committed 10688K, reserved 1048576K
}
Event: 2953.822 GC heap before
{Heap before GC invocations=65 (full 6):
 garbage-first heap   total 81920K, used 66400K [0x00000000c0e00000, 0x0000000100000000)
  region size 1024K, 42 young (43008K), 4 survivors (4096K)
 Metaspace       used 78009K, committed 78464K, reserved 1122304K
  class space    used 10474K, committed 10688K, reserved 1048576K
}
Event: 2953.839 GC heap after
{Heap after GC invocations=66 (full 6):
 garbage-first heap   total 81920K, used 29957K [0x00000000c0e00000, 0x0000000100000000)
  region size 1024K, 3 young (3072K), 3 survivors (3072K)
 Metaspace       used 78009K, committed 78464K, reserved 1122304K
  class space    used 10474K, committed 10688K, reserved 1048576K
}
Event: 2954.606 GC heap before
{Heap before GC invocations=66 (full 6):
 garbage-first heap   total 81920K, used 65797K [0x00000000c0e00000, 0x0000000100000000)
  region size 1024K, 38 young (38912K), 3 survivors (3072K)
 Metaspace       used 78250K, committed 78784K, reserved 1122304K
  class space    used 10492K, committed 10752K, reserved 1048576K
}
Event: 2954.620 GC heap after
{Heap after GC invocations=67 (full 6):
 garbage-first heap   total 81920K, used 31860K [0x00000000c0e00000, 0x0000000100000000)
  region size 1024K, 5 young (5120K), 5 survivors (5120K)
 Metaspace       used 78250K, committed 78784K, reserved 1122304K
  class space    used 10492K, committed 10752K, reserved 1048576K
}
Event: 3066.179 GC heap before
{Heap before GC invocations=67 (full 6):
 garbage-first heap   total 81920K, used 65652K [0x00000000c0e00000, 0x0000000100000000)
  region size 1024K, 38 young (38912K), 5 survivors (5120K)
 Metaspace       used 78300K, committed 78784K, reserved 1122304K
  class space    used 10501K, committed 10752K, reserved 1048576K
}
Event: 3066.198 GC heap after
{Heap after GC invocations=68 (full 6):
 garbage-first heap   total 81920K, used 33274K [0x00000000c0e00000, 0x0000000100000000)
  region size 1024K, 4 young (4096K), 4 survivors (4096K)
 Metaspace       used 78300K, committed 78784K, reserved 1122304K
  class space    used 10501K, committed 10752K, reserved 1048576K
}
Event: 3246.150 GC heap before
{Heap before GC invocations=68 (full 6):
 garbage-first heap   total 81920K, used 66042K [0x00000000c0e00000, 0x0000000100000000)
  region size 1024K, 36 young (36864K), 4 survivors (4096K)
 Metaspace       used 78300K, committed 78784K, reserved 1122304K
  class space    used 10501K, committed 10752K, reserved 1048576K
}
Event: 3246.171 GC heap after
{Heap after GC invocations=69 (full 6):
 garbage-first heap   total 81920K, used 33385K [0x00000000c0e00000, 0x0000000100000000)
  region size 1024K, 2 young (2048K), 2 survivors (2048K)
 Metaspace       used 78300K, committed 78784K, reserved 1122304K
  class space    used 10501K, committed 10752K, reserved 1048576K
}
Event: 3432.666 GC heap before
{Heap before GC invocations=69 (full 6):
 garbage-first heap   total 81920K, used 67177K [0x00000000c0e00000, 0x0000000100000000)
  region size 1024K, 35 young (35840K), 2 survivors (2048K)
 Metaspace       used 78310K, committed 78784K, reserved 1122304K
  class space    used 10502K, committed 10752K, reserved 1048576K
}
Event: 3432.684 GC heap after
{Heap after GC invocations=70 (full 6):
 garbage-first heap   total 81920K, used 32974K [0x00000000c0e00000, 0x0000000100000000)
  region size 1024K, 2 young (2048K), 2 survivors (2048K)
 Metaspace       used 78310K, committed 78784K, reserved 1122304K
  class space    used 10502K, committed 10752K, reserved 1048576K
}
Event: 3619.274 GC heap before
{Heap before GC invocations=70 (full 6):
 garbage-first heap   total 81920K, used 66766K [0x00000000c0e00000, 0x0000000100000000)
  region size 1024K, 35 young (35840K), 2 survivors (2048K)
 Metaspace       used 78310K, committed 78784K, reserved 1122304K
  class space    used 10502K, committed 10752K, reserved 1048576K
}
Event: 3619.286 GC heap after
{Heap after GC invocations=71 (full 6):
 garbage-first heap   total 81920K, used 33037K [0x00000000c0e00000, 0x0000000100000000)
  region size 1024K, 2 young (2048K), 2 survivors (2048K)
 Metaspace       used 78310K, committed 78784K, reserved 1122304K
  class space    used 10502K, committed 10752K, reserved 1048576K
}
Event: 3811.237 GC heap before
{Heap before GC invocations=71 (full 6):
 garbage-first heap   total 81920K, used 67853K [0x00000000c0e00000, 0x0000000100000000)
  region size 1024K, 36 young (36864K), 2 survivors (2048K)
 Metaspace       used 78310K, committed 78784K, reserved 1122304K
  class space    used 10502K, committed 10752K, reserved 1048576K
}
Event: 3811.250 GC heap after
{Heap after GC invocations=72 (full 6):
 garbage-first heap   total 81920K, used 32992K [0x00000000c0e00000, 0x0000000100000000)
  region size 1024K, 2 young (2048K), 2 survivors (2048K)
 Metaspace       used 78310K, committed 78784K, reserved 1122304K
  class space    used 10502K, committed 10752K, reserved 1048576K
}
Event: 3975.007 GC heap before
{Heap before GC invocations=72 (full 6):
 garbage-first heap   total 81920K, used 64736K [0x00000000c0e00000, 0x0000000100000000)
  region size 1024K, 34 young (34816K), 2 survivors (2048K)
 Metaspace       used 78322K, committed 78848K, reserved 1122304K
  class space    used 10504K, committed 10752K, reserved 1048576K
}

