# JRE version: OpenJDK Runtime Environment Temurin-17.0.4.1+1 (17.0.4.1+1) (build 17.0.4.1+1)
# Java VM: OpenJDK 64-Bit Server VM Temurin-17.0.4.1+1 (17.0.4.1+1, mixed mode, emulated-client, tiered, compressed oops, compressed class ptrs, g1 gc, windows-amd64)
GC Precious Log:
 CPUs: 2 total, 2 available
 Memory: 4039M
 Large Page Support: Disabled
 NUMA Support: Disabled
 Compressed Oops: Enabled (32-bit)
 Heap Region Size: 1M
 Heap Min Capacity: 8M
 Heap Initial Capacity: 64M
 Heap Max Capacity: 1010M
 Pre-touch: Disabled
 Parallel Workers: 2
 Concurrent Workers: 1
 Concurrent Refinement Workers: 2
 Periodic GC: Disabled
Heap:
 garbage-first heap   total 140288K, used 38167K [0x00000000c0e00000, 0x0000000100000000)
  region size 1024K, 3 young (3072K), 1 survivors (1024K)
 Metaspace       used 78491K, committed 78976K, reserved 1122304K
  class space    used 10612K, committed 10880K, reserved 1048576K
GC Heap History (20 events):
Event: 1542.945 GC heap before
{Heap before GC invocations=176 (full 1):
 garbage-first heap   total 140288K, used 58529K [0x00000000c0e00000, 0x0000000100000000)
  region size 1024K, 7 young (7168K), 1 survivors (1024K)
 Metaspace       used 78472K, committed 78976K, reserved 1122304K
  class space    used 10609K, committed 10880K, reserved 1048576K
}
Event: 1542.947 GC heap after
{Heap after GC invocations=177 (full 1):
 garbage-first heap   total 140288K, used 55212K [0x00000000c0e00000, 0x0000000100000000)
  region size 1024K, 2 young (2048K), 2 survivors (2048K)
 Metaspace       used 78472K, committed 78976K, reserved 1122304K
  class space    used 10609K, committed 10880K, reserved 1048576K
}
Event: 1583.170 GC heap before
{Heap before GC invocations=178 (full 1):
 garbage-first heap   total 140288K, used 126892K [0x00000000c0e00000, 0x0000000100000000)
  region size 1024K, 33 young (33792K), 2 survivors (2048K)
 Metaspace       used 78472K, committed 78976K, reserved 1122304K
  class space    used 10609K, committed 10880K, reserved 1048576K
}
Event: 1583.177 GC heap after
{Heap after GC invocations=179 (full 1):
 garbage-first heap   total 140288K, used 57730K [0x00000000c0e00000, 0x0000000100000000)
  region size 1024K, 5 young (5120K), 5 survivors (5120K)
 Metaspace       used 78472K, committed 78976K, reserved 1122304K
  class space    used 10609K, committed 10880K, reserved 1048576K
}
Event: 1583.180 GC heap before
{Heap before GC invocations=179 (full 1):
 garbage-first heap   total 140288K, used 57730K [0x00000000c0e00000, 0x0000000100000000)
  region size 1024K, 6 young (6144K), 5 survivors (5120K)
 Metaspace       used 78472K, committed 78976K, reserved 1122304K
  class space    used 10609K, committed 10880K, reserved 1048576K
}
Event: 1583.183 GC heap after
{Heap after GC invocations=180 (full 1):
 garbage-first heap   total 140288K, used 49362K [0x00000000c0e00000, 0x0000000100000000)
  region size 1024K, 1 young (1024K), 1 survivors (1024K)
 Metaspace       used 78472K, committed 78976K, reserved 1122304K
  class space    used 10609K, committed 10880K, reserved 1048576K
}
Event: 1583.286 GC heap before
{Heap before GC invocations=180 (full 1):
 garbage-first heap   total 140288K, used 52434K [0x00000000c0e00000, 0x0000000100000000)
  region size 1024K, 6 young (6144K), 1 survivors (1024K)
 Metaspace       used 78472K, committed 78976K, reserved 1122304K
  class space    used 10609K, committed 10880K, reserved 1048576K
}
Event: 1583.288 GC heap after
{Heap after GC invocations=181 (full 1):
 garbage-first heap   total 140288K, used 50252K [0x00000000c0e00000, 0x0000000100000000)
  region size 1024K, 2 young (2048K), 2 survivors (2048K)
 Metaspace       used 78472K, committed 78976K, reserved 1122304K
  class space    used 10609K, committed 10880K, reserved 1048576K
}
Event: 1598.886 GC heap before
{Heap before GC invocations=182 (full 1):
 garbage-first heap   total 140288K, used 127052K [0x00000000c0e00000, 0x0000000100000000)
  region size 1024K, 35 young (35840K), 2 survivors (2048K)
 Metaspace       used 78472K, committed 78976K, reserved 1122304K
  class space    used 10609K, committed 10880K, reserved 1048576K
}
Event: 1598.888 GC heap after
{Heap after GC invocations=183 (full 1):
 garbage-first heap   total 140288K, used 44080K [0x00000000c0e00000, 0x0000000100000000)
  region size 1024K, 2 young (2048K), 2 survivors (2048K)
 Metaspace       used 78472K, committed 78976K, reserved 1122304K
  class space    used 10609K, committed 10880K, reserved 1048576K
}
Event: 1607.451 GC heap before
{Heap before GC invocations=183 (full 1):
 garbage-first heap   total 140288K, used 51248K [0x00000000c0e00000, 0x0000000100000000)
  region size 1024K, 6 young (6144K), 2 survivors (2048K)
 Metaspace       used 78482K, committed 78976K, reserved 1122304K
  class space    used 10611K, committed 10880K, reserved 1048576K
}
Event: 1607.455 GC heap after
{Heap after GC invocations=184 (full 1):
 garbage-first heap   total 140288K, used 48806K [0x00000000c0e00000, 0x0000000100000000)
  region size 1024K, 1 young (1024K), 1 survivors (1024K)
 Metaspace       used 78482K, committed 78976K, reserved 1122304K
  class space    used 10611K, committed 10880K, reserved 1048576K
}
Event: 1607.463 GC heap before
{Heap before GC invocations=184 (full 1):
 garbage-first heap   total 140288K, used 48806K [0x00000000c0e00000, 0x0000000100000000)
  region size 1024K, 2 young (2048K), 1 survivors (1024K)
 Metaspace       used 78482K, committed 78976K, reserved 1122304K
  class space    used 10611K, committed 10880K, reserved 1048576K
}
Event: 1607.466 GC heap after
{Heap after GC invocations=185 (full 1):
 garbage-first heap   total 140288K, used 48757K [0x00000000c0e00000, 0x0000000100000000)
  region size 1024K, 1 young (1024K), 1 survivors (1024K)
 Metaspace       used 78482K, committed 78976K, reserved 1122304K
  class space    used 10611K, committed 10880K, reserved 1048576K
}
Event: 1840.148 GC heap before
{Heap before GC invocations=186 (full 1):
 garbage-first heap   total 140288K, used 123509K [0x00000000c0e00000, 0x0000000100000000)
  region size 1024K, 57 young (58368K), 1 survivors (1024K)
 Metaspace       used 78482K, committed 78976K, reserved 1122304K
  class space    used 10611K, committed 10880K, reserved 1048576K
}
Event: 1840.152 GC heap after
{Heap after GC invocations=187 (full 1):
 garbage-first heap   total 140288K, used 42759K [0x00000000c0e00000, 0x0000000100000000)
  region size 1024K, 1 young (1024K), 1 survivors (1024K)
 Metaspace       used 78482K, committed 78976K, reserved 1122304K
  class space    used 10611K, committed 10880K, reserved 1048576K
}
Event: 1867.814 GC heap before
{Heap before GC invocations=187 (full 1):
 garbage-first heap   total 140288K, used 47879K [0x00000000c0e00000, 0x0000000100000000)
  region size 1024K, 6 young (6144K), 1 survivors (1024K)
 Metaspace       used 78482K, committed 78976K, reserved 1122304K
  class space    used 10611K, committed 10880K, reserved 1048576K
}
Event: 1867.818 GC heap after
{Heap after GC invocations=188 (full 1):
 garbage-first heap   total 140288K, used 36693K [0x00000000c0e00000, 0x0000000100000000)
  region size 1024K, 1 young (1024K), 1 survivors (1024K)
 Metaspace       used 78482K, committed 78976K, reserved 1122304K
  class space    used 10611K, committed 10880K, reserved 1048576K
}
Event: 2190.370 GC heap before
{Heap before GC invocations=188 (full 1):
 garbage-first heap   total 140288K, used 107349K [0x00000000c0e00000, 0x0000000100000000)
  region size 1024K, 70 young (71680K), 1 survivors (1024K)
 Metaspace       used 78491K, committed 78976K, reserved 1122304K
  class space    used 10612K, committed 10880K, reserved 1048576K
}
Event: 2190.376 GC heap after
{Heap after GC invocations=189 (full 1):
 garbage-first heap   total 140288K, used 37143K [0x00000000c0e00000, 0x0000000100000000)
  region size 1024K, 1 young (1024K), 1 survivors (1024K)
 Metaspace       used 78491K, committed 78976K, reserved 1122304K
  class space    used 10612K, committed 10880K, reserved 1048576K
}

